<?xml version="1.0" encoding="UTF-8"?>
<testsuite name="ch.unibas.dmi.dbis.cs108.example.HelloWorldTest" tests="1" skipped="0" failures="0" errors="0" timestamp="2022-03-14T11:48:50" hostname="ema-mba13-sl.local" time="0.008">
  <properties/>
  <testcase name="testMain()" classname="ch.unibas.dmi.dbis.cs108.example.HelloWorldTest" time="0.008"/>
  <system-out><![CDATA[]]></system-out>
  <system-err><![CDATA[]]></system-err>
</testsuite>
