<?xml version="1.0" encoding="UTF-8"?>
<testsuite name="ch.unibas.dmi.dbis.cs108.example.HelloWorldTest" tests="1" skipped="0" failures="0" errors="0" timestamp="2022-03-06T12:30:14" hostname="ema-mba13-sl.local" time="0.009">
  <properties/>
  <testcase name="testMain()" classname="ch.unibas.dmi.dbis.cs108.example.HelloWorldTest" time="0.009"/>
  <system-out><![CDATA[]]></system-out>
  <system-err><![CDATA[]]></system-err>
</testsuite>
